  FileName.c
D:\projects\simpleBankAdministrationSystem\FileName.c(317,6): warning C4047: “=”:“Account **”与“Account *”的间接级别不同
D:\projects\simpleBankAdministrationSystem\FileName.c(330,14): warning C4047: “函数”:“Account **”与“Account *”的间接级别不同
D:\projects\simpleBankAdministrationSystem\FileName.c(330,14): warning C4024: “isLogin”: 形参和实参 1 的类型不同
D:\projects\simpleBankAdministrationSystem\FileName.c(339,40): error C2223: “->username”的左侧必须指向结构/联合
D:\projects\simpleBankAdministrationSystem\FileName.c(339,55): error C2223: “->password”的左侧必须指向结构/联合
D:\projects\simpleBankAdministrationSystem\FileName.c(339,71): error C2223: “->balance”的左侧必须指向结构/联合
D:\projects\simpleBankAdministrationSystem\FileName.c(339,86): error C2223: “->securePassword”的左侧必须指向结构/联合
D:\projects\simpleBankAdministrationSystem\FileName.c(339,25): warning C4473: “fscanf”: 没有为格式字符串传递足够的参数
  D:\projects\simpleBankAdministrationSystem\FileName.c(339,25):
  占位符和其参数预计 4 可变参数，但提供的却是 0 参数
  D:\projects\simpleBankAdministrationSystem\FileName.c(339,25):
  缺失的可变参数 1 为格式字符串“%s”所需
  
D:\projects\simpleBankAdministrationSystem\FileName.c(341,14): error C2223: “->username”的左侧必须指向结构/联合
D:\projects\simpleBankAdministrationSystem\FileName.c(341,7): error C2198: “strcmp”: 用于调用的参数太少
D:\projects\simpleBankAdministrationSystem\FileName.c(348,15): error C2223: “->password”的左侧必须指向结构/联合
D:\projects\simpleBankAdministrationSystem\FileName.c(348,8): error C2198: “strcmp”: 用于调用的参数太少
D:\projects\simpleBankAdministrationSystem\FileName.c(351,11): error C2065: “acc_t”: 未声明的标识符
D:\projects\simpleBankAdministrationSystem\FileName.c(351,11): warning C4047: “=”:“int”与“Account **”的间接级别不同
D:\projects\simpleBankAdministrationSystem\FileName.c(374,19): error C2065: “acc_t”: 未声明的标识符
D:\projects\simpleBankAdministrationSystem\FileName.c(374,14): warning C4047: “函数”:“Account **”与“int”的间接级别不同
D:\projects\simpleBankAdministrationSystem\FileName.c(374,14): warning C4024: “isLogin”: 形参和实参 1 的类型不同
D:\projects\simpleBankAdministrationSystem\FileName.c(389,20): error C2065: “acc_t”: 未声明的标识符
D:\projects\simpleBankAdministrationSystem\FileName.c(389,15): warning C4047: “函数”:“Account **”与“int”的间接级别不同
D:\projects\simpleBankAdministrationSystem\FileName.c(389,15): warning C4024: “isLogin”: 形参和实参 1 的类型不同
D:\projects\simpleBankAdministrationSystem\FileName.c(401,30): error C2065: “acc_t”: 未声明的标识符
D:\projects\simpleBankAdministrationSystem\FileName.c(401,32): error C2223: “->securePassword”的左侧必须指向结构/联合
D:\projects\simpleBankAdministrationSystem\FileName.c(414,7): error C2065: “acc_t”: 未声明的标识符
D:\projects\simpleBankAdministrationSystem\FileName.c(414,9): error C2223: “->balance”的左侧必须指向结构/联合
D:\projects\simpleBankAdministrationSystem\FileName.c(414,24): error C2065: “acc_t”: 未声明的标识符
D:\projects\simpleBankAdministrationSystem\FileName.c(414,26): error C2223: “->balance”的左侧必须指向结构/联合
D:\projects\simpleBankAdministrationSystem\FileName.c(415,27): error C2065: “acc_t”: 未声明的标识符
D:\projects\simpleBankAdministrationSystem\FileName.c(415,22): warning C4047: “函数”:“Account *”与“int”的间接级别不同
D:\projects\simpleBankAdministrationSystem\FileName.c(415,22): warning C4024: “updateAccountInFile”: 形参和实参 1 的类型不同
D:\projects\simpleBankAdministrationSystem\FileName.c(423,20): error C2065: “acc_t”: 未声明的标识符
D:\projects\simpleBankAdministrationSystem\FileName.c(423,15): warning C4047: “函数”:“Account **”与“int”的间接级别不同
D:\projects\simpleBankAdministrationSystem\FileName.c(423,15): warning C4024: “isLogin”: 形参和实参 1 的类型不同
D:\projects\simpleBankAdministrationSystem\FileName.c(435,30): error C2065: “acc_t”: 未声明的标识符
D:\projects\simpleBankAdministrationSystem\FileName.c(435,32): error C2223: “->securePassword”的左侧必须指向结构/联合
D:\projects\simpleBankAdministrationSystem\FileName.c(451,12): error C2065: “acc_t”: 未声明的标识符
D:\projects\simpleBankAdministrationSystem\FileName.c(451,14): error C2223: “->balance”的左侧必须指向结构/联合
D:\projects\simpleBankAdministrationSystem\FileName.c(457,9): error C2065: “acc_t”: 未声明的标识符
D:\projects\simpleBankAdministrationSystem\FileName.c(457,11): error C2223: “->balance”的左侧必须指向结构/联合
D:\projects\simpleBankAdministrationSystem\FileName.c(457,26): error C2065: “acc_t”: 未声明的标识符
D:\projects\simpleBankAdministrationSystem\FileName.c(457,28): error C2223: “->balance”的左侧必须指向结构/联合
D:\projects\simpleBankAdministrationSystem\FileName.c(458,29): error C2065: “acc_t”: 未声明的标识符
D:\projects\simpleBankAdministrationSystem\FileName.c(458,24): warning C4047: “函数”:“Account *”与“int”的间接级别不同
D:\projects\simpleBankAdministrationSystem\FileName.c(458,24): warning C4024: “updateAccountInFile”: 形参和实参 1 的类型不同
D:\projects\simpleBankAdministrationSystem\FileName.c(469,20): error C2065: “acc_t”: 未声明的标识符
D:\projects\simpleBankAdministrationSystem\FileName.c(469,15): warning C4047: “函数”:“Account **”与“int”的间接级别不同
D:\projects\simpleBankAdministrationSystem\FileName.c(469,15): warning C4024: “isLogin”: 形参和实参 1 的类型不同
D:\projects\simpleBankAdministrationSystem\FileName.c(480,19): error C2065: “acc_t”: 未声明的标识符
D:\projects\simpleBankAdministrationSystem\FileName.c(480,21): error C2223: “->password”的左侧必须指向结构/联合
D:\projects\simpleBankAdministrationSystem\FileName.c(480,7): error C2198: “strcmp”: 用于调用的参数太少
D:\projects\simpleBankAdministrationSystem\FileName.c(486,16): error C2065: “acc_t”: 未声明的标识符
D:\projects\simpleBankAdministrationSystem\FileName.c(486,18): error C2223: “->password”的左侧必须指向结构/联合
D:\projects\simpleBankAdministrationSystem\FileName.c(486,4): error C2198: “strcpy”: 用于调用的参数太少
D:\projects\simpleBankAdministrationSystem\FileName.c(487,29): error C2065: “acc_t”: 未声明的标识符
D:\projects\simpleBankAdministrationSystem\FileName.c(487,24): warning C4047: “函数”:“Account *”与“int”的间接级别不同
D:\projects\simpleBankAdministrationSystem\FileName.c(487,24): warning C4024: “updateAccountInFile”: 形参和实参 1 的类型不同
D:\projects\simpleBankAdministrationSystem\FileName.c(498,20): error C2065: “acc_t”: 未声明的标识符
D:\projects\simpleBankAdministrationSystem\FileName.c(498,15): warning C4047: “函数”:“Account **”与“int”的间接级别不同
D:\projects\simpleBankAdministrationSystem\FileName.c(498,15): warning C4024: “isLogin”: 形参和实参 1 的类型不同
D:\projects\simpleBankAdministrationSystem\FileName.c(515,9): error C2065: “acc_t”: 未声明的标识符
D:\projects\simpleBankAdministrationSystem\FileName.c(515,11): error C2223: “->securePassword”的左侧必须指向结构/联合
D:\projects\simpleBankAdministrationSystem\FileName.c(516,29): error C2065: “acc_t”: 未声明的标识符
D:\projects\simpleBankAdministrationSystem\FileName.c(516,24): warning C4047: “函数”:“Account *”与“int”的间接级别不同
D:\projects\simpleBankAdministrationSystem\FileName.c(516,24): warning C4024: “updateAccountInFile”: 形参和实参 1 的类型不同
D:\projects\simpleBankAdministrationSystem\FileName.c(525,20): error C2065: “acc_t”: 未声明的标识符
D:\projects\simpleBankAdministrationSystem\FileName.c(525,15): warning C4047: “函数”:“Account **”与“int”的间接级别不同
D:\projects\simpleBankAdministrationSystem\FileName.c(525,15): warning C4024: “isLogin”: 形参和实参 1 的类型不同
D:\projects\simpleBankAdministrationSystem\FileName.c(530,8): error C2065: “acc_t”: 未声明的标识符
D:\projects\simpleBankAdministrationSystem\FileName.c(530,8): warning C4047: “=”:“int”与“void *”的间接级别不同
D:\projects\simpleBankAdministrationSystem\FileName.c(536,20): error C2065: “acc_t”: 未声明的标识符
D:\projects\simpleBankAdministrationSystem\FileName.c(536,15): warning C4047: “函数”:“Account **”与“int”的间接级别不同
D:\projects\simpleBankAdministrationSystem\FileName.c(536,15): warning C4024: “isLogin”: 形参和实参 1 的类型不同
D:\projects\simpleBankAdministrationSystem\FileName.c(562,35): error C2065: “acc_t”: 未声明的标识符
D:\projects\simpleBankAdministrationSystem\FileName.c(562,37): error C2223: “->username”的左侧必须指向结构/联合
D:\projects\simpleBankAdministrationSystem\FileName.c(562,8): error C2198: “strcmp”: 用于调用的参数太少
D:\projects\simpleBankAdministrationSystem\FileName.c(621,17): warning C4047: “函数”:“Account **”与“Account *”的间接级别不同
D:\projects\simpleBankAdministrationSystem\FileName.c(621,17): warning C4024: “loginAccount”: 形参和实参 1 的类型不同
D:\projects\simpleBankAdministrationSystem\FileName.c(624,21): error C2065: “acc_t”: 未声明的标识符
D:\projects\simpleBankAdministrationSystem\FileName.c(624,16): warning C4047: “函数”:“Account *”与“int”的间接级别不同
D:\projects\simpleBankAdministrationSystem\FileName.c(624,16): warning C4024: “viewBalance”: 形参和实参 1 的类型不同
D:\projects\simpleBankAdministrationSystem\FileName.c(627,17): error C2065: “acc_t”: 未声明的标识符
D:\projects\simpleBankAdministrationSystem\FileName.c(627,12): warning C4047: “函数”:“Account *”与“int”的间接级别不同
D:\projects\simpleBankAdministrationSystem\FileName.c(627,12): warning C4024: “deposit”: 形参和实参 1 的类型不同
D:\projects\simpleBankAdministrationSystem\FileName.c(630,20): error C2065: “acc_t”: 未声明的标识符
D:\projects\simpleBankAdministrationSystem\FileName.c(630,15): warning C4047: “函数”:“Account *”与“int”的间接级别不同
D:\projects\simpleBankAdministrationSystem\FileName.c(630,15): warning C4024: “withdrawal”: 形参和实参 1 的类型不同
D:\projects\simpleBankAdministrationSystem\FileName.c(633,24): error C2065: “acc_t”: 未声明的标识符
D:\projects\simpleBankAdministrationSystem\FileName.c(633,19): warning C4047: “函数”:“Account *”与“int”的间接级别不同
D:\projects\simpleBankAdministrationSystem\FileName.c(633,19): warning C4024: “changePassword”: 形参和实参 1 的类型不同
D:\projects\simpleBankAdministrationSystem\FileName.c(636,30): error C2065: “acc_t”: 未声明的标识符
D:\projects\simpleBankAdministrationSystem\FileName.c(636,25): warning C4047: “函数”:“Account *”与“int”的间接级别不同
D:\projects\simpleBankAdministrationSystem\FileName.c(636,25): warning C4024: “changeSecurePassword”: 形参和实参 1 的类型不同
D:\projects\simpleBankAdministrationSystem\FileName.c(645,14): error C2065: “acc_t”: 未声明的标识符
D:\projects\simpleBankAdministrationSystem\FileName.c(645,14): warning C4047: “!=”:“int”与“void *”的间接级别不同
